<?xml version="1.0" encoding="UTF-8"?>
<!-- Generated by org.testng.reporters.JUnitXMLReporter -->
<testsuite ignored="0" hostname="DESKTOP-J94RMLN" failures="1" tests="2" name="Default test" time="8.494" errors="0" timestamp="2024-12-11T00:22:08 IST">
  <testcase classname="io.cucumber.testng.AbstractTestNGCucumberTests" name="runScenario" time="4.395"/>
  <testcase classname="io.cucumber.testng.AbstractTestNGCucumberTests" name="runScenario" time="3.903">
    <failure type="java.lang.AssertionError" message="Both names are matching. expected [No data] but found [Beetroot]">
      <![CDATA[java.lang.AssertionError: Both names are matching. expected [No data] but found [Beetroot]
at org.testng.Assert.fail(Assert.java:111)
at org.testng.Assert.failNotEquals(Assert.java:1578)
at org.testng.Assert.assertEqualsImpl(Assert.java:150)
at org.testng.Assert.assertEquals(Assert.java:132)
at org.testng.Assert.assertEquals(Assert.java:656)
at Stepdefinations.offerPageStepDefination.user_searched_for_same_shortname_in_offer_page_to_check_if_product_exist(offerPageStepDefination.java:39)
at ✽.User searched for same shortname Beet in offer page to check if product exist with same name(file:///E:/Automation/PMC/src/test/java/features/productsearch.feature:7)
]]>
    </failure>
  </testcase> <!-- runScenario -->
</testsuite> <!-- Default test -->
