<?xml version="1.0" encoding="UTF-8"?>
<!-- Generated by org.testng.reporters.JUnitReportReporter -->
<testsuite hostname="DESKTOP-J94RMLN" failures="1" tests="2" name="cucumberRunner.runnerclass" time="10.092" errors="0" timestamp="2024-12-11T01:16:13 IST" skipped="0">
  <testcase classname="cucumberRunner.runnerclass" name="runScenario" time="5.295"/>
  <testcase classname="cucumberRunner.runnerclass" name="runScenario" time="4.797">
    <failure message="Both names are matching. expected [No data] but found [Beetroot]" type="java.lang.AssertionError">
      <![CDATA[java.lang.AssertionError: Both names are matching. expected [No data] but found [Beetroot]
at org.testng.Assert.fail(Assert.java:111)
at org.testng.Assert.failNotEquals(Assert.java:1578)
at org.testng.Assert.assertEqualsImpl(Assert.java:150)
at org.testng.Assert.assertEquals(Assert.java:132)
at org.testng.Assert.assertEquals(Assert.java:656)
at Stepdefinations.offerPageStepDefination.user_searched_for_same_shortname_in_offer_page_to_check_if_product_exist(offerPageStepDefination.java:39)
at ✽.User searched for same shortname Beet in offer page to check if product exist with same name(file:///E:/Automation/PMC/src/test/java/features/productsearch.feature:7)
]]>
    </failure>
  </testcase> <!-- runScenario -->
</testsuite> <!-- cucumberRunner.runnerclass -->
